c:\users\whıte\source\repos\doublehashıng-quadratıcprob\x64\debug\vc142.pdb
c:\users\whıte\source\repos\doublehashıng-quadratıcprob\x64\debug\vc142.ıdb
c:\users\whıte\source\repos\doublehashıng-quadratıcprob\x64\debug\the_quadratıc_probıng.obj
c:\users\whıte\source\repos\doublehashıng-quadratıcprob\x64\debug\the_double_hashıng.obj
c:\users\whıte\source\repos\doublehashıng-quadratıcprob\x64\debug\maın.obj
c:\users\whıte\source\repos\doublehashıng-quadratıcprob\x64\debug\ı_hash.obj
c:\users\whıte\source\repos\doublehashıng-quadratıcprob\x64\debug\assıgnment3.ılk
c:\users\whıte\source\repos\doublehashıng-quadratıcprob\x64\debug\assıgnment3.exe
c:\users\whıte\source\repos\doublehashıng-quadratıcprob\x64\debug\assıgnment3.pdb
c:\users\white\source\repos\doublehashing-quadraticprob\x64\debug\ı_hash.obj
c:\users\white\source\repos\doublehashing-quadraticprob\x64\debug\main.obj
c:\users\white\source\repos\doublehashing-quadraticprob\x64\debug\the_double_hashing.obj
c:\users\white\source\repos\doublehashing-quadraticprob\x64\debug\the_quadratic_probing.obj
c:\users\white\source\repos\doublehashing-quadraticprob\x64\debug\assignment3.ilk
c:\users\white\source\repos\doublehashing-quadraticprob\x64\debug\vc142.idb
c:\users\white\source\repos\doublehashing-quadraticprob\x64\debug\vc142.pdb
c:\users\white\source\repos\doublehashing-quadraticprob\x64\debug\assignment3.tlog\cl.command.1.tlog
c:\users\white\source\repos\doublehashing-quadraticprob\x64\debug\assignment3.tlog\cl.read.1.tlog
c:\users\white\source\repos\doublehashing-quadraticprob\x64\debug\assignment3.tlog\cl.write.1.tlog
c:\users\white\source\repos\doublehashing-quadraticprob\x64\debug\assignment3.tlog\link.command.1.tlog
c:\users\white\source\repos\doublehashing-quadraticprob\x64\debug\assignment3.tlog\link.read.1.tlog
c:\users\white\source\repos\doublehashing-quadraticprob\x64\debug\assignment3.tlog\link.write.1.tlog
